<?xml version="1.0" encoding="UTF-8"?>
<!-- Generated by org.testng.reporters.JUnitReportReporter -->
<testsuite hostname="sys101" name="com.companyname.bank.TestNG" tests="1" failures="0" timestamp="20 Sep 2016 10:51:42 GMT" time="0.004" errors="0">
  <testcase name="newtest" time="0.004" classname="com.companyname.bank.TestNG"/>
</testsuite> <!-- com.companyname.bank.TestNG -->
